2021-10-13 07:36:44,559 - basicLogger - INFO - Stored event AHI-score request with a unique id of: d290f1ee-6c54-4b01-90e6-d701748f0851
2021-10-13 07:36:51,744 - basicLogger - INFO - Stored event AHI-score request with a unique id of: d290f1ee-6c54-4b01-90e6-d701748f0851
2021-10-13 07:36:52,772 - basicLogger - INFO - Stored event AHI-score request with a unique id of: d290f1ee-6c54-4b01-90e6-d701748f0851
2021-10-13 07:37:08,861 - basicLogger - INFO - Stored event therapy-hours request with a unique id of: d290f1ee-6c54-4b01-90e6-d701748f0851
2021-10-13 07:37:09,892 - basicLogger - INFO - Stored event therapy-hours request with a unique id of: d290f1ee-6c54-4b01-90e6-d701748f0851
2021-10-13 07:37:10,475 - basicLogger - INFO - Stored event therapy-hours request with a unique id of: d290f1ee-6c54-4b01-90e6-d701748f0851
2021-10-13 07:37:12,050 - basicLogger - INFO - Stored event therapy-hours request with a unique id of: d290f1ee-6c54-4b01-90e6-d701748f0851
2021-10-15 09:52:21,148 - basicLogger - INFO - Query for AHI score events after 2016-07-29T09:12:33.001Z returns 3 results
2021-10-15 09:54:16,819 - basicLogger - INFO - Query for Therapy Hour events after 2016-07-29T09:12:33.001Z returns 4 results
2021-10-18 13:20:26,346 - basicLogger - INFO - Query for AHI score events after 2016-07-29T09:12:33.001Z returns 3 results
2021-10-19 09:54:22,925 - basicLogger - INFO - Query for Therapy Hour events after 2016-07-29T09:12:33.001Z returns 4 results
2021-10-19 09:56:20,488 - basicLogger - INFO - Query for Therapy Hour events after 2016-07-29T09:12:33.001Z returns 4 results
2021-10-19 09:58:39,571 - basicLogger - INFO - Query for Therapy Hour events after 2016-07-29T09:12:33.001Z returns 4 results
2021-10-19 09:58:44,599 - basicLogger - INFO - Query for Therapy Hour events after 2016-07-29T09:12:33.001Z returns 4 results
2021-10-19 09:58:49,568 - basicLogger - INFO - Query for Therapy Hour events after 2016-07-29T09:12:33.001Z returns 4 results
2021-10-19 09:58:54,608 - basicLogger - INFO - Query for Therapy Hour events after 2016-07-29T09:12:33.001Z returns 4 results
2021-10-19 09:58:59,597 - basicLogger - INFO - Query for Therapy Hour events after 2016-07-29T09:12:33.001Z returns 4 results
2021-10-19 10:03:42,653 - basicLogger - INFO - Query for Therapy Hour events after 2016-07-29T09:12:33.001Z returns 4 results
2021-10-19 10:03:47,664 - basicLogger - INFO - Query for Therapy Hour events after 2016-07-29T09:12:33.001Z returns 4 results
2021-10-19 10:04:36,724 - basicLogger - INFO - Query for AHI score events after 2016-07-29T09:12:33.001Z returns 3 results
2021-10-19 10:08:45,347 - basicLogger - INFO - Query for Therapy Hour events after 2016-07-29T09:12:33.001Z returns 4 results
2021-10-19 10:08:50,348 - basicLogger - INFO - Query for Therapy Hour events after 2016-07-29T09:12:33.001Z returns 4 results
2021-10-19 10:15:18,458 - basicLogger - INFO - Query for Therapy Hour events after 2016-07-29T09:12:33.001Z returns 4 results
2021-10-19 12:07:03,213 - basicLogger - INFO - Query for Therapy Hour events after 2016-07-29T09:12:33.001Z returns 4 results
2021-10-19 12:07:05,262 - basicLogger - INFO - Query for AHI score events after 2016-07-29T09:12:33.001Z returns 3 results
2021-10-19 12:07:08,147 - basicLogger - INFO - Query for Therapy Hour events after 2016-07-29T09:12:33.001Z returns 4 results
2021-10-19 12:07:10,199 - basicLogger - INFO - Query for AHI score events after 2016-07-29T09:12:33.001Z returns 3 results
2021-10-19 12:07:13,139 - basicLogger - INFO - Query for Therapy Hour events after 2016-07-29T09:12:33.001Z returns 4 results
2021-10-19 12:07:15,173 - basicLogger - INFO - Query for AHI score events after 2016-07-29T09:12:33.001Z returns 3 results
2021-10-19 12:07:51,296 - basicLogger - INFO - Query for Therapy Hour events after 2016-07-29T09:12:33.001Z returns 4 results
2021-10-19 12:07:53,344 - basicLogger - INFO - Query for AHI score events after 2016-07-29T09:12:33.001Z returns 3 results
2021-10-19 12:07:56,298 - basicLogger - INFO - Query for Therapy Hour events after 2016-07-29T09:12:33.001Z returns 4 results
2021-10-19 12:07:58,338 - basicLogger - INFO - Query for AHI score events after 2016-07-29T09:12:33.001Z returns 3 results
2021-10-19 12:09:40,383 - basicLogger - INFO - Query for Therapy Hour events after 2021-10-19T12:09:38Z returns 0 results
2021-10-19 12:09:42,427 - basicLogger - INFO - Query for AHI score events after 2021-10-19T12:09:38Z returns 0 results
2021-10-19 12:09:45,391 - basicLogger - INFO - Query for Therapy Hour events after 2021-10-19T12:09:43Z returns 0 results
2021-10-19 12:09:47,437 - basicLogger - INFO - Query for AHI score events after 2021-10-19T12:09:43Z returns 0 results
2021-10-19 12:20:43,754 - basicLogger - INFO - Query for Therapy Hour events after 2016-07-29T09:12:33.001Z returns 4 results
2021-10-19 12:20:45,786 - basicLogger - INFO - Query for AHI score events after 2021-10-19T12:20:41Z returns 0 results
2021-10-19 12:20:48,768 - basicLogger - INFO - Query for Therapy Hour events after 2016-07-29T09:12:33.001Z returns 4 results
2021-10-19 12:20:50,807 - basicLogger - INFO - Query for AHI score events after 2021-10-19T12:20:46Z returns 0 results
2021-10-19 12:36:39,407 - basicLogger - INFO - Query for Therapy Hour events after 2016-07-29T09:12:33.001Z returns 4 results
2021-10-19 12:36:41,445 - basicLogger - INFO - Query for AHI score events after 2021-10-19T12:36:37Z returns 0 results
2021-10-19 12:36:44,397 - basicLogger - INFO - Query for Therapy Hour events after 2016-07-29T09:12:33.001Z returns 4 results
2021-10-19 12:36:46,449 - basicLogger - INFO - Query for AHI score events after 2021-10-19T12:36:42Z returns 0 results
2021-10-19 12:36:49,389 - basicLogger - INFO - Query for Therapy Hour events after 2016-07-29T09:12:33.001Z returns 4 results
2021-10-19 12:36:51,423 - basicLogger - INFO - Query for AHI score events after 2021-10-19T12:36:47Z returns 0 results
2021-10-19 12:36:54,398 - basicLogger - INFO - Query for Therapy Hour events after 2016-07-29T09:12:33.001Z returns 4 results
2021-10-19 12:36:56,447 - basicLogger - INFO - Query for AHI score events after 2021-10-19T12:36:52Z returns 0 results
2021-10-19 12:38:04,606 - basicLogger - INFO - Query for Therapy Hour events after 2016-07-29T09:12:33.001Z returns 4 results
2021-10-19 12:38:06,634 - basicLogger - INFO - Query for AHI score events after 2021-10-19T12:38:02Z returns 0 results
2021-10-31 16:59:48,700 - basicLogger - INFO - Connecting to DB. Hostname: ip-172-31-21-204, port: 3306
2021-10-31 16:59:48,770 - basicLogger - INFO - Connecting to DB. Hostname: ip-172-31-21-204, port: 3306
2021-10-31 17:00:53,487 - basicLogger - INFO - Connecting to DB. Hostname: ip-172-31-21-204, port: 3306
2021-10-31 17:00:53,535 - basicLogger - INFO - Connecting to DB. Hostname: ip-172-31-21-204, port: 3306
